{
  "stats": {
    "suites": 2,
    "tests": 12,
    "passes": 11,
    "pending": 0,
    "failures": 1,
    "start": "2022-10-19T12:38:32.665Z",
    "end": "2022-10-19T12:38:32.850Z",
    "duration": 185,
    "testsRegistered": 12,
    "passPercent": 91.66666666666666,
    "pendingPercent": 0,
    "other": 0,
    "hasOther": false,
    "skipped": 0,
    "hasSkipped": false
  },
  "results": [
    {
      "uuid": "57342c9b-7c01-467d-9f1d-c8bc8be2da2f",
      "title": "",
      "fullFile": "",
      "file": "",
      "beforeHooks": [],
      "afterHooks": [],
      "tests": [],
      "suites": [
        {
          "uuid": "ac2de790-b858-457b-bdc1-bf23951b4985",
          "title": "test CounterAPI",
          "fullFile": "/Users/antonellocaputo/SWII_Git/se2022-08-OfficeQueueManager/server/test/testCounterAPI.js",
          "file": "/test/testCounterAPI.js",
          "beforeHooks": [],
          "afterHooks": [],
          "tests": [
            {
              "title": "POST/api/counter",
              "fullTitle": "test CounterAPI POST/api/counter",
              "timedOut": false,
              "duration": 39,
              "state": "passed",
              "speed": "medium",
              "pass": true,
              "fail": false,
              "pending": false,
              "context": null,
              "code": "await agent.post('/api/counter')\n    .send(expectedData)\n    .then(function(res) {\n        res.should.have.status(expectedHTTPStatus);\n    });",
              "err": {},
              "uuid": "11825ec0-bba3-4ec9-a4b4-42c7684ed86d",
              "parentUUID": "ac2de790-b858-457b-bdc1-bf23951b4985",
              "isHook": false,
              "skipped": false
            },
            {
              "title": "POST/api/counter",
              "fullTitle": "test CounterAPI POST/api/counter",
              "timedOut": false,
              "duration": 6,
              "state": "passed",
              "speed": "fast",
              "pass": true,
              "fail": false,
              "pending": false,
              "context": null,
              "code": "await agent.post('/api/counter')\n    .send(expectedData)\n    .then(function(res) {\n        res.should.have.status(expectedHTTPStatus);\n    });",
              "err": {},
              "uuid": "add0d047-33f7-4a60-80d0-5858274e269e",
              "parentUUID": "ac2de790-b858-457b-bdc1-bf23951b4985",
              "isHook": false,
              "skipped": false
            },
            {
              "title": "POST/api/counter",
              "fullTitle": "test CounterAPI POST/api/counter",
              "timedOut": false,
              "duration": 6,
              "state": "passed",
              "speed": "fast",
              "pass": true,
              "fail": false,
              "pending": false,
              "context": null,
              "code": "await agent.post('/api/counter')\n    .send(expectedData)\n    .then(function(res) {\n        res.should.have.status(expectedHTTPStatus);\n    });",
              "err": {},
              "uuid": "7097d74e-70b7-4ea3-ac92-f0431f9446ec",
              "parentUUID": "ac2de790-b858-457b-bdc1-bf23951b4985",
              "isHook": false,
              "skipped": false
            },
            {
              "title": "POST/api/counter",
              "fullTitle": "test CounterAPI POST/api/counter",
              "timedOut": false,
              "duration": 7,
              "state": "passed",
              "speed": "fast",
              "pass": true,
              "fail": false,
              "pending": false,
              "context": null,
              "code": "await agent.post('/api/counter')\n    .send(expectedData)\n    .then(function(res) {\n        res.should.have.status(expectedHTTPStatus);\n    });",
              "err": {},
              "uuid": "4a23c02b-3dff-4afe-8b1b-bca0e7ea6fe0",
              "parentUUID": "ac2de790-b858-457b-bdc1-bf23951b4985",
              "isHook": false,
              "skipped": false
            },
            {
              "title": "GET/api/counters",
              "fullTitle": "test CounterAPI GET/api/counters",
              "timedOut": false,
              "duration": 5,
              "state": "passed",
              "speed": "fast",
              "pass": true,
              "fail": false,
              "pending": false,
              "context": null,
              "code": "await agent.get('/api/counters')\n            .then(function(res) {\n                res.should.have.status(expectedHTTPstatus);\n                if(expectedData.length != 0){\n                    for (let i = 0; i < expectedData.length; i++) {\n                        res.body[i].ID_Counter.should.equal(expectedData[i].ID_Counter);\n                        res.body[i].ID_Manager.should.equal(expectedData[i].ID_Manager);\n                    }\n                } else {\n                    res.body.length.should.equal(expectedData.length);\n                }\n            });",
              "err": {},
              "uuid": "2bd7f45f-60fc-49b8-8c3e-6f0e70b738ae",
              "parentUUID": "ac2de790-b858-457b-bdc1-bf23951b4985",
              "isHook": false,
              "skipped": false
            },
            {
              "title": "DELETE/api/counters/:id",
              "fullTitle": "test CounterAPI DELETE/api/counters/:id",
              "timedOut": false,
              "duration": 4,
              "state": "passed",
              "speed": "fast",
              "pass": true,
              "fail": false,
              "pending": false,
              "context": null,
              "code": "await agent.delete('/api/counters/'+id)\n            .then(function(res) {\n                res.should.have.status(expectedHTTPStatus);\n            })",
              "err": {},
              "uuid": "421a23d3-2519-46f2-9f7e-110317cf6726",
              "parentUUID": "ac2de790-b858-457b-bdc1-bf23951b4985",
              "isHook": false,
              "skipped": false
            },
            {
              "title": "DELETE/api/counters/:id",
              "fullTitle": "test CounterAPI DELETE/api/counters/:id",
              "timedOut": false,
              "duration": 8,
              "state": "passed",
              "speed": "fast",
              "pass": true,
              "fail": false,
              "pending": false,
              "context": null,
              "code": "await agent.delete('/api/counters/'+id)\n            .then(function(res) {\n                res.should.have.status(expectedHTTPStatus);\n            })",
              "err": {},
              "uuid": "a4aa54f3-be97-40c2-b016-c44f666e88ae",
              "parentUUID": "ac2de790-b858-457b-bdc1-bf23951b4985",
              "isHook": false,
              "skipped": false
            }
          ],
          "suites": [],
          "passes": [
            "11825ec0-bba3-4ec9-a4b4-42c7684ed86d",
            "add0d047-33f7-4a60-80d0-5858274e269e",
            "7097d74e-70b7-4ea3-ac92-f0431f9446ec",
            "4a23c02b-3dff-4afe-8b1b-bca0e7ea6fe0",
            "2bd7f45f-60fc-49b8-8c3e-6f0e70b738ae",
            "421a23d3-2519-46f2-9f7e-110317cf6726",
            "a4aa54f3-be97-40c2-b016-c44f666e88ae"
          ],
          "failures": [],
          "pending": [],
          "skipped": [],
          "duration": 75,
          "root": false,
          "rootEmpty": false,
          "_timeout": 30000
        },
        {
          "uuid": "09f4acb5-2840-4438-b844-9460ebdeac2d",
          "title": "test TicketAPI",
          "fullFile": "/Users/antonellocaputo/SWII_Git/se2022-08-OfficeQueueManager/server/test/testTicketsAPI.js",
          "file": "/test/testTicketsAPI.js",
          "beforeHooks": [],
          "afterHooks": [],
          "tests": [
            {
              "title": "POST/api/ticket",
              "fullTitle": "test TicketAPI POST/api/ticket",
              "timedOut": false,
              "duration": 5,
              "state": "passed",
              "speed": "fast",
              "pass": true,
              "fail": false,
              "pending": false,
              "context": null,
              "code": "await agent.post('/api/ticket')\n    .send(expectedData)\n    .then(function(res) {\n        res.should.have.status(expectedHTTPStatus);\n    });",
              "err": {},
              "uuid": "1905ffee-28ba-4ebe-9d6a-01b531f031c1",
              "parentUUID": "09f4acb5-2840-4438-b844-9460ebdeac2d",
              "isHook": false,
              "skipped": false
            },
            {
              "title": "POST/api/ticket",
              "fullTitle": "test TicketAPI POST/api/ticket",
              "timedOut": false,
              "duration": 6,
              "state": "passed",
              "speed": "fast",
              "pass": true,
              "fail": false,
              "pending": false,
              "context": null,
              "code": "await agent.post('/api/ticket')\n    .send(expectedData)\n    .then(function(res) {\n        res.should.have.status(expectedHTTPStatus);\n    });",
              "err": {},
              "uuid": "49debee0-7aa0-49bc-99dc-410701a8ae33",
              "parentUUID": "09f4acb5-2840-4438-b844-9460ebdeac2d",
              "isHook": false,
              "skipped": false
            },
            {
              "title": "POST/api/ticket",
              "fullTitle": "test TicketAPI POST/api/ticket",
              "timedOut": false,
              "duration": 4,
              "state": "passed",
              "speed": "fast",
              "pass": true,
              "fail": false,
              "pending": false,
              "context": null,
              "code": "await agent.post('/api/ticket')\n    .send(expectedData)\n    .then(function(res) {\n        res.should.have.status(expectedHTTPStatus);\n    });",
              "err": {},
              "uuid": "33921135-f856-4987-82b2-1b126d9c0c6d",
              "parentUUID": "09f4acb5-2840-4438-b844-9460ebdeac2d",
              "isHook": false,
              "skipped": false
            },
            {
              "title": "POST/api/ticket",
              "fullTitle": "test TicketAPI POST/api/ticket",
              "timedOut": false,
              "duration": 5,
              "state": "passed",
              "speed": "fast",
              "pass": true,
              "fail": false,
              "pending": false,
              "context": null,
              "code": "await agent.post('/api/ticket')\n    .send(expectedData)\n    .then(function(res) {\n        res.should.have.status(expectedHTTPStatus);\n    });",
              "err": {},
              "uuid": "8a8594b8-cc8a-4a18-8877-d1496e79edef",
              "parentUUID": "09f4acb5-2840-4438-b844-9460ebdeac2d",
              "isHook": false,
              "skipped": false
            },
            {
              "title": "POST/api/ticket",
              "fullTitle": "test TicketAPI POST/api/ticket",
              "timedOut": false,
              "duration": 29,
              "state": "failed",
              "speed": null,
              "pass": false,
              "fail": true,
              "pending": false,
              "context": null,
              "code": "await agent.post('/api/ticket')\n    .send(expectedData)\n    .then(function(res) {\n        res.should.have.status(expectedHTTPStatus);\n    });",
              "err": {
                "message": "AssertionError: expected { Object (_events, _eventsCount, ...) } to have status code 201 but got 500",
                "estack": "AssertionError: expected { Object (_events, _eventsCount, ...) } to have status code 201 but got 500\n    at /Users/antonellocaputo/SWII_Git/se2022-08-OfficeQueueManager/server/test/testTicketsAPI.js:14:33\n    at processTicksAndRejections (node:internal/process/task_queues:96:5)\n    at async Context.<anonymous> (test/testTicketsAPI.js:11:9)",
                "diff": "- 500\n+ 201\n"
              },
              "uuid": "9b24185a-0c07-448b-b6a2-17ff7d71b595",
              "parentUUID": "09f4acb5-2840-4438-b844-9460ebdeac2d",
              "isHook": false,
              "skipped": false
            }
          ],
          "suites": [],
          "passes": [
            "1905ffee-28ba-4ebe-9d6a-01b531f031c1",
            "49debee0-7aa0-49bc-99dc-410701a8ae33",
            "33921135-f856-4987-82b2-1b126d9c0c6d",
            "8a8594b8-cc8a-4a18-8877-d1496e79edef"
          ],
          "failures": [
            "9b24185a-0c07-448b-b6a2-17ff7d71b595"
          ],
          "pending": [],
          "skipped": [],
          "duration": 49,
          "root": false,
          "rootEmpty": false,
          "_timeout": 30000
        }
      ],
      "passes": [],
      "failures": [],
      "pending": [],
      "skipped": [],
      "duration": 0,
      "root": true,
      "rootEmpty": true,
      "_timeout": 30000
    }
  ],
  "meta": {
    "mocha": {
      "version": "10.1.0"
    },
    "mochawesome": {
      "options": {
        "quiet": false,
        "reportFilename": "mochawesome",
        "saveHtml": true,
        "saveJson": true,
        "consoleReporter": "spec",
        "useInlineDiffs": false,
        "code": true
      },
      "version": "7.1.3"
    },
    "marge": {
      "options": null,
      "version": "6.2.0"
    }
  }
}