{
  "stats": {
    "suites": 2,
    "tests": 15,
    "passes": 15,
    "pending": 0,
    "failures": 0,
    "start": "2022-10-19T13:33:39.980Z",
    "end": "2022-10-19T13:33:40.102Z",
    "duration": 122,
    "testsRegistered": 15,
    "passPercent": 100,
    "pendingPercent": 0,
    "other": 0,
    "hasOther": false,
    "skipped": 0,
    "hasSkipped": false
  },
  "results": [
    {
      "uuid": "9b94c760-7238-49f2-a146-10f901d5b536",
      "title": "",
      "fullFile": "",
      "file": "",
      "beforeHooks": [],
      "afterHooks": [],
      "tests": [],
      "suites": [
        {
          "uuid": "e5268253-9961-42ea-bfd5-5818cc27309a",
          "title": "test CounterAPI",
          "fullFile": "/Users/antonellocaputo/SWII_Git/se2022-08-OfficeQueueManager/server/test/testCounterAPI.js",
          "file": "/test/testCounterAPI.js",
          "beforeHooks": [],
          "afterHooks": [],
          "tests": [
            {
              "title": "POST/api/counter",
              "fullTitle": "test CounterAPI POST/api/counter",
              "timedOut": false,
              "duration": 39,
              "state": "passed",
              "speed": "medium",
              "pass": true,
              "fail": false,
              "pending": false,
              "context": null,
              "code": "await agent.post('/api/counter')\n    .send(expectedData)\n    .then(function(res) {\n        res.should.have.status(expectedHTTPStatus);\n    });",
              "err": {},
              "uuid": "b16c4706-6e1b-4599-afb0-67c6d6e2d522",
              "parentUUID": "e5268253-9961-42ea-bfd5-5818cc27309a",
              "isHook": false,
              "skipped": false
            },
            {
              "title": "POST/api/counter",
              "fullTitle": "test CounterAPI POST/api/counter",
              "timedOut": false,
              "duration": 6,
              "state": "passed",
              "speed": "fast",
              "pass": true,
              "fail": false,
              "pending": false,
              "context": null,
              "code": "await agent.post('/api/counter')\n    .send(expectedData)\n    .then(function(res) {\n        res.should.have.status(expectedHTTPStatus);\n    });",
              "err": {},
              "uuid": "def2394f-861c-4f8f-9619-6d0dbefe7273",
              "parentUUID": "e5268253-9961-42ea-bfd5-5818cc27309a",
              "isHook": false,
              "skipped": false
            },
            {
              "title": "POST/api/counter",
              "fullTitle": "test CounterAPI POST/api/counter",
              "timedOut": false,
              "duration": 6,
              "state": "passed",
              "speed": "fast",
              "pass": true,
              "fail": false,
              "pending": false,
              "context": null,
              "code": "await agent.post('/api/counter')\n    .send(expectedData)\n    .then(function(res) {\n        res.should.have.status(expectedHTTPStatus);\n    });",
              "err": {},
              "uuid": "77b142e7-a166-4106-a916-4a3008a23f94",
              "parentUUID": "e5268253-9961-42ea-bfd5-5818cc27309a",
              "isHook": false,
              "skipped": false
            },
            {
              "title": "POST/api/counter",
              "fullTitle": "test CounterAPI POST/api/counter",
              "timedOut": false,
              "duration": 6,
              "state": "passed",
              "speed": "fast",
              "pass": true,
              "fail": false,
              "pending": false,
              "context": null,
              "code": "await agent.post('/api/counter')\n    .send(expectedData)\n    .then(function(res) {\n        res.should.have.status(expectedHTTPStatus);\n    });",
              "err": {},
              "uuid": "c741b909-6f2f-470a-9315-a731ac65f281",
              "parentUUID": "e5268253-9961-42ea-bfd5-5818cc27309a",
              "isHook": false,
              "skipped": false
            },
            {
              "title": "GET/api/counters",
              "fullTitle": "test CounterAPI GET/api/counters",
              "timedOut": false,
              "duration": 5,
              "state": "passed",
              "speed": "fast",
              "pass": true,
              "fail": false,
              "pending": false,
              "context": null,
              "code": "await agent.get('/api/counters')\n            .then(function(res) {\n                res.should.have.status(expectedHTTPstatus);\n                if(expectedData.length != 0){\n                    for (let i = 0; i < expectedData.length; i++) {\n                        res.body[i].ID_Counter.should.equal(expectedData[i].ID_Counter);\n                        res.body[i].ID_Manager.should.equal(expectedData[i].ID_Manager);\n                    }\n                } else {\n                    res.body.length.should.equal(expectedData.length);\n                }\n            });",
              "err": {},
              "uuid": "6c0b4519-d8cd-4a12-bc21-094ded21ddd8",
              "parentUUID": "e5268253-9961-42ea-bfd5-5818cc27309a",
              "isHook": false,
              "skipped": false
            },
            {
              "title": "DELETE/api/counters/:id",
              "fullTitle": "test CounterAPI DELETE/api/counters/:id",
              "timedOut": false,
              "duration": 5,
              "state": "passed",
              "speed": "fast",
              "pass": true,
              "fail": false,
              "pending": false,
              "context": null,
              "code": "await agent.delete('/api/counters/'+id)\n            .then(function(res) {\n                res.should.have.status(expectedHTTPStatus);\n            })",
              "err": {},
              "uuid": "834dcd39-8729-45e3-ab3b-bfe960c3f9b1",
              "parentUUID": "e5268253-9961-42ea-bfd5-5818cc27309a",
              "isHook": false,
              "skipped": false
            },
            {
              "title": "DELETE/api/counters/:id",
              "fullTitle": "test CounterAPI DELETE/api/counters/:id",
              "timedOut": false,
              "duration": 4,
              "state": "passed",
              "speed": "fast",
              "pass": true,
              "fail": false,
              "pending": false,
              "context": null,
              "code": "await agent.delete('/api/counters/'+id)\n            .then(function(res) {\n                res.should.have.status(expectedHTTPStatus);\n            })",
              "err": {},
              "uuid": "cf0c05b9-9bee-41db-956c-82a8f060a727",
              "parentUUID": "e5268253-9961-42ea-bfd5-5818cc27309a",
              "isHook": false,
              "skipped": false
            }
          ],
          "suites": [],
          "passes": [
            "b16c4706-6e1b-4599-afb0-67c6d6e2d522",
            "def2394f-861c-4f8f-9619-6d0dbefe7273",
            "77b142e7-a166-4106-a916-4a3008a23f94",
            "c741b909-6f2f-470a-9315-a731ac65f281",
            "6c0b4519-d8cd-4a12-bc21-094ded21ddd8",
            "834dcd39-8729-45e3-ab3b-bfe960c3f9b1",
            "cf0c05b9-9bee-41db-956c-82a8f060a727"
          ],
          "failures": [],
          "pending": [],
          "skipped": [],
          "duration": 71,
          "root": false,
          "rootEmpty": false,
          "_timeout": 30000
        },
        {
          "uuid": "f048bc35-61b9-483f-9a03-0995457a550c",
          "title": "test TicketAPI",
          "fullFile": "/Users/antonellocaputo/SWII_Git/se2022-08-OfficeQueueManager/server/test/testTicketsAPI.js",
          "file": "/test/testTicketsAPI.js",
          "beforeHooks": [],
          "afterHooks": [],
          "tests": [
            {
              "title": "POST/api/ticket",
              "fullTitle": "test TicketAPI POST/api/ticket",
              "timedOut": false,
              "duration": 4,
              "state": "passed",
              "speed": "fast",
              "pass": true,
              "fail": false,
              "pending": false,
              "context": null,
              "code": "await agent.post('/api/ticket')\n    .send(expectedData)\n    .then(function(res) {\n        res.should.have.status(expectedHTTPStatus);\n    });",
              "err": {},
              "uuid": "b48563b3-5c7d-4f2e-9bd1-62a4d4cc96e0",
              "parentUUID": "f048bc35-61b9-483f-9a03-0995457a550c",
              "isHook": false,
              "skipped": false
            },
            {
              "title": "POST/api/ticket",
              "fullTitle": "test TicketAPI POST/api/ticket",
              "timedOut": false,
              "duration": 6,
              "state": "passed",
              "speed": "fast",
              "pass": true,
              "fail": false,
              "pending": false,
              "context": null,
              "code": "await agent.post('/api/ticket')\n    .send(expectedData)\n    .then(function(res) {\n        res.should.have.status(expectedHTTPStatus);\n    });",
              "err": {},
              "uuid": "fd8a20db-3194-47b8-a670-6c8eaf1143e3",
              "parentUUID": "f048bc35-61b9-483f-9a03-0995457a550c",
              "isHook": false,
              "skipped": false
            },
            {
              "title": "POST/api/ticket",
              "fullTitle": "test TicketAPI POST/api/ticket",
              "timedOut": false,
              "duration": 4,
              "state": "passed",
              "speed": "fast",
              "pass": true,
              "fail": false,
              "pending": false,
              "context": null,
              "code": "await agent.post('/api/ticket')\n    .send(expectedData)\n    .then(function(res) {\n        res.should.have.status(expectedHTTPStatus);\n    });",
              "err": {},
              "uuid": "55a2526b-1d73-45ed-936f-9133f6e4af57",
              "parentUUID": "f048bc35-61b9-483f-9a03-0995457a550c",
              "isHook": false,
              "skipped": false
            },
            {
              "title": "POST/api/ticket",
              "fullTitle": "test TicketAPI POST/api/ticket",
              "timedOut": false,
              "duration": 4,
              "state": "passed",
              "speed": "fast",
              "pass": true,
              "fail": false,
              "pending": false,
              "context": null,
              "code": "await agent.post('/api/ticket')\n    .send(expectedData)\n    .then(function(res) {\n        res.should.have.status(expectedHTTPStatus);\n    });",
              "err": {},
              "uuid": "13588a56-e156-4eac-9ba6-9e20b8cf8886",
              "parentUUID": "f048bc35-61b9-483f-9a03-0995457a550c",
              "isHook": false,
              "skipped": false
            },
            {
              "title": "POST/api/ticket",
              "fullTitle": "test TicketAPI POST/api/ticket",
              "timedOut": false,
              "duration": 6,
              "state": "passed",
              "speed": "fast",
              "pass": true,
              "fail": false,
              "pending": false,
              "context": null,
              "code": "await agent.post('/api/ticket')\n    .send(expectedData)\n    .then(function(res) {\n        res.should.have.status(expectedHTTPStatus);\n    });",
              "err": {},
              "uuid": "dddf755b-b679-4858-8ec5-b337b5230286",
              "parentUUID": "f048bc35-61b9-483f-9a03-0995457a550c",
              "isHook": false,
              "skipped": false
            },
            {
              "title": "GET/api/ticket/:serviceId",
              "fullTitle": "test TicketAPI GET/api/ticket/:serviceId",
              "timedOut": false,
              "duration": 5,
              "state": "passed",
              "speed": "fast",
              "pass": true,
              "fail": false,
              "pending": false,
              "context": null,
              "code": "await agent.get('/api/ticket/'+serviceid)\n            .then(function(res) {\n                res.should.have.status(expectedHTTPstatus);\n                if(expectedData.length != 0){\n                    for (let i = 0; i < expectedData.length; i++) {\n                        res.body[i].time.should.equal(expectedData[i].time);\n                    }\n                } else {\n                    res.body.length.should.equal(expectedData.length);\n                }\n            });",
              "err": {},
              "uuid": "b1887832-3b9d-4f47-a20e-d1cdf62be15b",
              "parentUUID": "f048bc35-61b9-483f-9a03-0995457a550c",
              "isHook": false,
              "skipped": false
            },
            {
              "title": "GET/api/ticket/:serviceId",
              "fullTitle": "test TicketAPI GET/api/ticket/:serviceId",
              "timedOut": false,
              "duration": 3,
              "state": "passed",
              "speed": "fast",
              "pass": true,
              "fail": false,
              "pending": false,
              "context": null,
              "code": "await agent.get('/api/ticket/'+serviceid)\n            .then(function(res) {\n                res.should.have.status(expectedHTTPstatus);\n                if(expectedData.length != 0){\n                    for (let i = 0; i < expectedData.length; i++) {\n                        res.body[i].time.should.equal(expectedData[i].time);\n                    }\n                } else {\n                    res.body.length.should.equal(expectedData.length);\n                }\n            });",
              "err": {},
              "uuid": "7a272cc6-252a-4a2d-aef2-986700ea4ed8",
              "parentUUID": "f048bc35-61b9-483f-9a03-0995457a550c",
              "isHook": false,
              "skipped": false
            },
            {
              "title": "GET/api/ticket/:serviceId",
              "fullTitle": "test TicketAPI GET/api/ticket/:serviceId",
              "timedOut": false,
              "duration": 4,
              "state": "passed",
              "speed": "fast",
              "pass": true,
              "fail": false,
              "pending": false,
              "context": null,
              "code": "await agent.get('/api/ticket/'+serviceid)\n            .then(function(res) {\n                res.should.have.status(expectedHTTPstatus);\n                if(expectedData.length != 0){\n                    for (let i = 0; i < expectedData.length; i++) {\n                        res.body[i].time.should.equal(expectedData[i].time);\n                    }\n                } else {\n                    res.body.length.should.equal(expectedData.length);\n                }\n            });",
              "err": {},
              "uuid": "aa4692f7-8e64-4955-8300-cd72033d86f9",
              "parentUUID": "f048bc35-61b9-483f-9a03-0995457a550c",
              "isHook": false,
              "skipped": false
            }
          ],
          "suites": [],
          "passes": [
            "b48563b3-5c7d-4f2e-9bd1-62a4d4cc96e0",
            "fd8a20db-3194-47b8-a670-6c8eaf1143e3",
            "55a2526b-1d73-45ed-936f-9133f6e4af57",
            "13588a56-e156-4eac-9ba6-9e20b8cf8886",
            "dddf755b-b679-4858-8ec5-b337b5230286",
            "b1887832-3b9d-4f47-a20e-d1cdf62be15b",
            "7a272cc6-252a-4a2d-aef2-986700ea4ed8",
            "aa4692f7-8e64-4955-8300-cd72033d86f9"
          ],
          "failures": [],
          "pending": [],
          "skipped": [],
          "duration": 36,
          "root": false,
          "rootEmpty": false,
          "_timeout": 30000
        }
      ],
      "passes": [],
      "failures": [],
      "pending": [],
      "skipped": [],
      "duration": 0,
      "root": true,
      "rootEmpty": true,
      "_timeout": 30000
    }
  ],
  "meta": {
    "mocha": {
      "version": "10.1.0"
    },
    "mochawesome": {
      "options": {
        "quiet": false,
        "reportFilename": "mochawesome",
        "saveHtml": true,
        "saveJson": true,
        "consoleReporter": "spec",
        "useInlineDiffs": false,
        "code": true
      },
      "version": "7.1.3"
    },
    "marge": {
      "options": null,
      "version": "6.2.0"
    }
  }
}