{
  "stats": {
    "suites": 1,
    "tests": 7,
    "passes": 7,
    "pending": 0,
    "failures": 0,
    "start": "2022-10-19T11:23:54.183Z",
    "end": "2022-10-19T11:23:54.263Z",
    "duration": 80,
    "testsRegistered": 7,
    "passPercent": 100,
    "pendingPercent": 0,
    "other": 0,
    "hasOther": false,
    "skipped": 0,
    "hasSkipped": false
  },
  "results": [
    {
      "uuid": "6a15e2ff-e0af-47ef-987a-51a8b0880514",
      "title": "",
      "fullFile": "/Users/antonellocaputo/SWII_Git/se2022-08-OfficeQueueManager/server/test/testCounterAPI.js",
      "file": "/test/testCounterAPI.js",
      "beforeHooks": [],
      "afterHooks": [],
      "tests": [],
      "suites": [
        {
          "uuid": "65a3071c-cfca-467a-af45-0d443d1c6472",
          "title": "test CounterAPI",
          "fullFile": "/Users/antonellocaputo/SWII_Git/se2022-08-OfficeQueueManager/server/test/testCounterAPI.js",
          "file": "/test/testCounterAPI.js",
          "beforeHooks": [],
          "afterHooks": [],
          "tests": [
            {
              "title": "POST/api/counter",
              "fullTitle": "test CounterAPI POST/api/counter",
              "timedOut": false,
              "duration": 38,
              "state": "passed",
              "speed": "medium",
              "pass": true,
              "fail": false,
              "pending": false,
              "context": null,
              "code": "await agent.post('/api/counter')\n    .send(expectedData)\n    .then(function(res) {\n        res.should.have.status(expectedHTTPStatus);\n    });",
              "err": {},
              "uuid": "897848f6-15b1-4081-bead-466303905c50",
              "parentUUID": "65a3071c-cfca-467a-af45-0d443d1c6472",
              "isHook": false,
              "skipped": false
            },
            {
              "title": "POST/api/counter",
              "fullTitle": "test CounterAPI POST/api/counter",
              "timedOut": false,
              "duration": 6,
              "state": "passed",
              "speed": "fast",
              "pass": true,
              "fail": false,
              "pending": false,
              "context": null,
              "code": "await agent.post('/api/counter')\n    .send(expectedData)\n    .then(function(res) {\n        res.should.have.status(expectedHTTPStatus);\n    });",
              "err": {},
              "uuid": "2b003553-90fc-4541-bbe3-1895ab46faa1",
              "parentUUID": "65a3071c-cfca-467a-af45-0d443d1c6472",
              "isHook": false,
              "skipped": false
            },
            {
              "title": "POST/api/counter",
              "fullTitle": "test CounterAPI POST/api/counter",
              "timedOut": false,
              "duration": 6,
              "state": "passed",
              "speed": "fast",
              "pass": true,
              "fail": false,
              "pending": false,
              "context": null,
              "code": "await agent.post('/api/counter')\n    .send(expectedData)\n    .then(function(res) {\n        res.should.have.status(expectedHTTPStatus);\n    });",
              "err": {},
              "uuid": "26d8b971-0aa8-49d9-8c61-1e5b7d81d3c8",
              "parentUUID": "65a3071c-cfca-467a-af45-0d443d1c6472",
              "isHook": false,
              "skipped": false
            },
            {
              "title": "POST/api/counter",
              "fullTitle": "test CounterAPI POST/api/counter",
              "timedOut": false,
              "duration": 7,
              "state": "passed",
              "speed": "fast",
              "pass": true,
              "fail": false,
              "pending": false,
              "context": null,
              "code": "await agent.post('/api/counter')\n    .send(expectedData)\n    .then(function(res) {\n        res.should.have.status(expectedHTTPStatus);\n    });",
              "err": {},
              "uuid": "f24a5ac3-57f2-447e-8597-25a550473b21",
              "parentUUID": "65a3071c-cfca-467a-af45-0d443d1c6472",
              "isHook": false,
              "skipped": false
            },
            {
              "title": "GET/api/counters",
              "fullTitle": "test CounterAPI GET/api/counters",
              "timedOut": false,
              "duration": 4,
              "state": "passed",
              "speed": "fast",
              "pass": true,
              "fail": false,
              "pending": false,
              "context": null,
              "code": "await agent.get('/api/counters')\n            .then(function(res) {\n                res.should.have.status(expectedHTTPstatus);\n                if(expectedData.length != 0){\n                    for (let i = 0; i < expectedData.length; i++) {\n                        res.body[i].ID_Counter.should.equal(expectedData[i].ID_Counter);\n                        res.body[i].ID_Manager.should.equal(expectedData[i].ID_Manager);\n                    }\n                } else {\n                    res.body.length.should.equal(expectedData.length);\n                }\n            });",
              "err": {},
              "uuid": "5b232cba-fe46-4df5-b902-d6eb2ec4e71d",
              "parentUUID": "65a3071c-cfca-467a-af45-0d443d1c6472",
              "isHook": false,
              "skipped": false
            },
            {
              "title": "DELETE/api/counters/:id",
              "fullTitle": "test CounterAPI DELETE/api/counters/:id",
              "timedOut": false,
              "duration": 4,
              "state": "passed",
              "speed": "fast",
              "pass": true,
              "fail": false,
              "pending": false,
              "context": null,
              "code": "await agent.delete('/api/counters/'+id)\n            .then(function(res) {\n                res.should.have.status(expectedHTTPStatus);\n            })",
              "err": {},
              "uuid": "51e5d8e4-9435-4018-bb8f-023dac40eaf1",
              "parentUUID": "65a3071c-cfca-467a-af45-0d443d1c6472",
              "isHook": false,
              "skipped": false
            },
            {
              "title": "DELETE/api/counters/:id",
              "fullTitle": "test CounterAPI DELETE/api/counters/:id",
              "timedOut": false,
              "duration": 5,
              "state": "passed",
              "speed": "fast",
              "pass": true,
              "fail": false,
              "pending": false,
              "context": null,
              "code": "await agent.delete('/api/counters/'+id)\n            .then(function(res) {\n                res.should.have.status(expectedHTTPStatus);\n            })",
              "err": {},
              "uuid": "0dc85b67-c87b-4c90-8ed3-34b35d583964",
              "parentUUID": "65a3071c-cfca-467a-af45-0d443d1c6472",
              "isHook": false,
              "skipped": false
            }
          ],
          "suites": [],
          "passes": [
            "897848f6-15b1-4081-bead-466303905c50",
            "2b003553-90fc-4541-bbe3-1895ab46faa1",
            "26d8b971-0aa8-49d9-8c61-1e5b7d81d3c8",
            "f24a5ac3-57f2-447e-8597-25a550473b21",
            "5b232cba-fe46-4df5-b902-d6eb2ec4e71d",
            "51e5d8e4-9435-4018-bb8f-023dac40eaf1",
            "0dc85b67-c87b-4c90-8ed3-34b35d583964"
          ],
          "failures": [],
          "pending": [],
          "skipped": [],
          "duration": 70,
          "root": false,
          "rootEmpty": false,
          "_timeout": 30000
        }
      ],
      "passes": [],
      "failures": [],
      "pending": [],
      "skipped": [],
      "duration": 0,
      "root": true,
      "rootEmpty": true,
      "_timeout": 30000
    }
  ],
  "meta": {
    "mocha": {
      "version": "10.1.0"
    },
    "mochawesome": {
      "options": {
        "quiet": false,
        "reportFilename": "mochawesome",
        "saveHtml": true,
        "saveJson": true,
        "consoleReporter": "spec",
        "useInlineDiffs": false,
        "code": true
      },
      "version": "7.1.3"
    },
    "marge": {
      "options": null,
      "version": "6.2.0"
    }
  }
}