<?xml version="1.0" encoding="UTF-8"?>
<coverage generated="1666089153985" clover="3.2.0">
  <project timestamp="1666089153985" name="All files">
    <metrics statements="29" coveredstatements="20" conditionals="38" coveredconditionals="28" methods="6" coveredmethods="5" elements="73" coveredelements="53" complexity="0" loc="29" ncloc="29" packages="1" files="1" classes="1"/>
    <file name="Tickets.js" path="C:\Users\LuigiElFlaco\Desktop\Documents\Education\Master's Degree - POLITO\2°ANNO - 60 CREDITI\1°PERIODO - 18 CREDITI\SOFTWARE ENGINEERING 2 - 6 CREDITI\DEMO PROJECT\server\routes\Tickets.js">
      <metrics statements="29" coveredstatements="20" conditionals="38" coveredconditionals="28" methods="6" coveredmethods="5"/>
      <line num="10" count="1" type="stmt"/>
      <line num="12" count="25" type="cond" truecount="5" falsecount="0"/>
      <line num="13" count="3" type="stmt"/>
      <line num="16" count="22" type="cond" truecount="6" falsecount="0"/>
      <line num="17" count="6" type="stmt"/>
      <line num="20" count="16" type="stmt"/>
      <line num="21" count="58" type="cond" truecount="4" falsecount="0"/>
      <line num="22" count="5" type="stmt"/>
      <line num="26" count="11" type="stmt"/>
      <line num="27" count="33" type="cond" truecount="5" falsecount="0"/>
      <line num="28" count="5" type="stmt"/>
      <line num="32" count="28" type="cond" truecount="2" falsecount="0"/>
      <line num="33" count="1" type="stmt"/>
      <line num="36" count="5" type="stmt"/>
      <line num="37" count="15" type="cond" truecount="4" falsecount="0"/>
      <line num="38" count="1" type="stmt"/>
      <line num="42" count="14" type="cond" truecount="2" falsecount="0"/>
      <line num="43" count="4" type="stmt"/>
      <line num="51" count="1" type="stmt"/>
      <line num="52" count="0" type="cond" truecount="0" falsecount="4"/>
      <line num="53" count="0" type="stmt"/>
      <line num="55" count="0" type="stmt"/>
      <line num="56" count="0" type="stmt"/>
      <line num="57" count="0" type="cond" truecount="0" falsecount="2"/>
      <line num="58" count="0" type="stmt"/>
      <line num="59" count="0" type="cond" truecount="0" falsecount="2"/>
      <line num="60" count="0" type="cond" truecount="0" falsecount="2"/>
      <line num="61" count="0" type="stmt"/>
      <line num="64" count="1" type="stmt"/>
    </file>
  </project>
</coverage>
