{"C:\\Users\\LuigiElFlaco\\Desktop\\Documents\\Education\\Master's Degree - POLITO\\2°ANNO - 60 CREDITI\\1°PERIODO - 18 CREDITI\\SOFTWARE ENGINEERING 2 - 6 CREDITI\\DEMO PROJECT\\server\\utils\\timeEstimation.js": {"path":"C:\\Users\\LuigiElFlaco\\Desktop\\Documents\\Education\\Master's Degree - POLITO\\2°ANNO - 60 CREDITI\\1°PERIODO - 18 CREDITI\\SOFTWARE ENGINEERING 2 - 6 CREDITI\\DEMO PROJECT\\server\\utils\\timeEstimation.js","statementMap":{"0":{"start":{"line":9,"column":0},"end":{"line":49,"column":1}},"1":{"start":{"line":11,"column":4},"end":{"line":16,"column":9}},"2":{"start":{"line":15,"column":12},"end":{"line":15,"column":22}},"3":{"start":{"line":17,"column":4},"end":{"line":19,"column":5}},"4":{"start":{"line":18,"column":8},"end":{"line":18,"column":18}},"5":{"start":{"line":21,"column":4},"end":{"line":23,"column":5}},"6":{"start":{"line":22,"column":8},"end":{"line":22,"column":18}},"7":{"start":{"line":25,"column":4},"end":{"line":29,"column":5}},"8":{"start":{"line":26,"column":8},"end":{"line":28,"column":9}},"9":{"start":{"line":27,"column":12},"end":{"line":27,"column":22}},"10":{"start":{"line":31,"column":4},"end":{"line":35,"column":5}},"11":{"start":{"line":32,"column":8},"end":{"line":34,"column":9}},"12":{"start":{"line":33,"column":12},"end":{"line":33,"column":22}},"13":{"start":{"line":37,"column":4},"end":{"line":39,"column":5}},"14":{"start":{"line":37,"column":27},"end":{"line":37,"column":28}},"15":{"start":{"line":37,"column":47},"end":{"line":37,"column":52}},"16":{"start":{"line":38,"column":8},"end":{"line":38,"column":18}},"17":{"start":{"line":41,"column":4},"end":{"line":45,"column":5}},"18":{"start":{"line":42,"column":8},"end":{"line":44,"column":9}},"19":{"start":{"line":43,"column":12},"end":{"line":43,"column":22}},"20":{"start":{"line":47,"column":14},"end":{"line":47,"column":93}},"21":{"start":{"line":47,"column":35},"end":{"line":47,"column":68}},"22":{"start":{"line":47,"column":87},"end":{"line":47,"column":92}},"23":{"start":{"line":48,"column":4},"end":{"line":48,"column":35}},"24":{"start":{"line":56,"column":0},"end":{"line":67,"column":1}},"25":{"start":{"line":57,"column":4},"end":{"line":59,"column":5}},"26":{"start":{"line":58,"column":8},"end":{"line":58,"column":18}},"27":{"start":{"line":60,"column":15},"end":{"line":60,"column":34}},"28":{"start":{"line":61,"column":15},"end":{"line":61,"column":47}},"29":{"start":{"line":62,"column":4},"end":{"line":62,"column":41}},"30":{"start":{"line":63,"column":4},"end":{"line":63,"column":21}},"31":{"start":{"line":64,"column":4},"end":{"line":64,"column":42}},"32":{"start":{"line":65,"column":4},"end":{"line":65,"column":42}},"33":{"start":{"line":66,"column":4},"end":{"line":66,"column":29}},"34":{"start":{"line":72,"column":0},"end":{"line":72,"column":48}}},"fnMap":{"0":{"name":"(anonymous_0)","decl":{"start":{"line":9,"column":15},"end":{"line":9,"column":16}},"loc":{"start":{"line":9,"column":50},"end":{"line":49,"column":1}},"line":9},"1":{"name":"(anonymous_1)","decl":{"start":{"line":37,"column":20},"end":{"line":37,"column":21}},"loc":{"start":{"line":37,"column":27},"end":{"line":37,"column":28}},"line":37},"2":{"name":"(anonymous_2)","decl":{"start":{"line":37,"column":37},"end":{"line":37,"column":38}},"loc":{"start":{"line":37,"column":47},"end":{"line":37,"column":52}},"line":37},"3":{"name":"(anonymous_3)","decl":{"start":{"line":47,"column":25},"end":{"line":47,"column":26}},"loc":{"start":{"line":47,"column":35},"end":{"line":47,"column":68}},"line":47},"4":{"name":"(anonymous_4)","decl":{"start":{"line":47,"column":77},"end":{"line":47,"column":78}},"loc":{"start":{"line":47,"column":87},"end":{"line":47,"column":92}},"line":47},"5":{"name":"(anonymous_5)","decl":{"start":{"line":56,"column":15},"end":{"line":56,"column":16}},"loc":{"start":{"line":56,"column":34},"end":{"line":67,"column":1}},"line":56}},"branchMap":{"0":{"loc":{"start":{"line":11,"column":4},"end":{"line":16,"column":9}},"type":"if","locations":[{"start":{"line":11,"column":4},"end":{"line":16,"column":9}},{"start":{},"end":{}}],"line":11},"1":{"loc":{"start":{"line":11,"column":8},"end":{"line":14,"column":47}},"type":"binary-expr","locations":[{"start":{"line":11,"column":8},"end":{"line":11,"column":18}},{"start":{"line":11,"column":22},"end":{"line":11,"column":37}},{"start":{"line":12,"column":8},"end":{"line":12,"column":18}},{"start":{"line":12,"column":22},"end":{"line":12,"column":37}},{"start":{"line":13,"column":8},"end":{"line":13,"column":22}},{"start":{"line":13,"column":26},"end":{"line":13,"column":45}},{"start":{"line":14,"column":8},"end":{"line":14,"column":23}},{"start":{"line":14,"column":27},"end":{"line":14,"column":47}}],"line":11},"2":{"loc":{"start":{"line":17,"column":4},"end":{"line":19,"column":5}},"type":"if","locations":[{"start":{"line":17,"column":4},"end":{"line":19,"column":5}},{"start":{},"end":{}}],"line":17},"3":{"loc":{"start":{"line":17,"column":8},"end":{"line":17,"column":84}},"type":"binary-expr","locations":[{"start":{"line":17,"column":8},"end":{"line":17,"column":26}},{"start":{"line":17,"column":30},"end":{"line":17,"column":49}},{"start":{"line":17,"column":53},"end":{"line":17,"column":84}}],"line":17},"4":{"loc":{"start":{"line":21,"column":4},"end":{"line":23,"column":5}},"type":"if","locations":[{"start":{"line":21,"column":4},"end":{"line":23,"column":5}},{"start":{},"end":{}}],"line":21},"5":{"loc":{"start":{"line":21,"column":8},"end":{"line":21,"column":75}},"type":"binary-expr","locations":[{"start":{"line":21,"column":8},"end":{"line":21,"column":29}},{"start":{"line":21,"column":33},"end":{"line":21,"column":54}},{"start":{"line":21,"column":58},"end":{"line":21,"column":65}},{"start":{"line":21,"column":69},"end":{"line":21,"column":75}}],"line":21},"6":{"loc":{"start":{"line":26,"column":8},"end":{"line":28,"column":9}},"type":"if","locations":[{"start":{"line":26,"column":8},"end":{"line":28,"column":9}},{"start":{},"end":{}}],"line":26},"7":{"loc":{"start":{"line":26,"column":12},"end":{"line":26,"column":41}},"type":"binary-expr","locations":[{"start":{"line":26,"column":12},"end":{"line":26,"column":32}},{"start":{"line":26,"column":36},"end":{"line":26,"column":41}}],"line":26},"8":{"loc":{"start":{"line":32,"column":8},"end":{"line":34,"column":9}},"type":"if","locations":[{"start":{"line":32,"column":8},"end":{"line":34,"column":9}},{"start":{},"end":{}}],"line":32},"9":{"loc":{"start":{"line":32,"column":12},"end":{"line":32,"column":54}},"type":"binary-expr","locations":[{"start":{"line":32,"column":12},"end":{"line":32,"column":32}},{"start":{"line":32,"column":37},"end":{"line":32,"column":43}},{"start":{"line":32,"column":47},"end":{"line":32,"column":53}}],"line":32},"10":{"loc":{"start":{"line":37,"column":4},"end":{"line":39,"column":5}},"type":"if","locations":[{"start":{"line":37,"column":4},"end":{"line":39,"column":5}},{"start":{},"end":{}}],"line":37},"11":{"loc":{"start":{"line":42,"column":8},"end":{"line":44,"column":9}},"type":"if","locations":[{"start":{"line":42,"column":8},"end":{"line":44,"column":9}},{"start":{},"end":{}}],"line":42},"12":{"loc":{"start":{"line":42,"column":12},"end":{"line":42,"column":45}},"type":"binary-expr","locations":[{"start":{"line":42,"column":12},"end":{"line":42,"column":26}},{"start":{"line":42,"column":30},"end":{"line":42,"column":45}}],"line":42},"13":{"loc":{"start":{"line":47,"column":35},"end":{"line":47,"column":68}},"type":"cond-expr","locations":[{"start":{"line":47,"column":45},"end":{"line":47,"column":63}},{"start":{"line":47,"column":67},"end":{"line":47,"column":68}}],"line":47},"14":{"loc":{"start":{"line":57,"column":4},"end":{"line":59,"column":5}},"type":"if","locations":[{"start":{"line":57,"column":4},"end":{"line":59,"column":5}},{"start":{},"end":{}}],"line":57},"15":{"loc":{"start":{"line":57,"column":8},"end":{"line":57,"column":80}},"type":"binary-expr","locations":[{"start":{"line":57,"column":8},"end":{"line":57,"column":23}},{"start":{"line":57,"column":27},"end":{"line":57,"column":47}},{"start":{"line":57,"column":51},"end":{"line":57,"column":65}},{"start":{"line":57,"column":69},"end":{"line":57,"column":80}}],"line":57},"16":{"loc":{"start":{"line":62,"column":19},"end":{"line":62,"column":39}},"type":"cond-expr","locations":[{"start":{"line":62,"column":34},"end":{"line":62,"column":35}},{"start":{"line":62,"column":38},"end":{"line":62,"column":39}}],"line":62},"17":{"loc":{"start":{"line":64,"column":11},"end":{"line":64,"column":41}},"type":"cond-expr","locations":[{"start":{"line":64,"column":22},"end":{"line":64,"column":26}},{"start":{"line":64,"column":30},"end":{"line":64,"column":40}}],"line":64},"18":{"loc":{"start":{"line":65,"column":11},"end":{"line":65,"column":41}},"type":"cond-expr","locations":[{"start":{"line":65,"column":22},"end":{"line":65,"column":26}},{"start":{"line":65,"column":30},"end":{"line":65,"column":40}}],"line":65}},"s":{"0":1,"1":26,"2":1,"3":25,"4":3,"5":22,"6":6,"7":16,"8":58,"9":5,"10":11,"11":33,"12":5,"13":6,"14":28,"15":22,"16":1,"17":5,"18":15,"19":1,"20":4,"21":14,"22":10,"23":4,"24":1,"25":8,"26":4,"27":4,"28":4,"29":4,"30":4,"31":4,"32":4,"33":4,"34":1},"f":{"0":26,"1":28,"2":22,"3":14,"4":10,"5":8},"b":{"0":[1,25],"1":[26,25,25,25,25,25,25,25],"2":[3,22],"3":[25,25,25],"4":[6,16],"5":[22,20,18,17],"6":[5,53],"7":[58,54],"8":[5,28],"9":[33,30,12],"10":[1,5],"11":[1,14],"12":[15,4],"13":[11,3],"14":[4,4],"15":[8,7,7,6],"16":[1,3],"17":[2,2],"18":[1,3]},"_coverageSchema":"1a1c01bbd47fc00a2c39e90264f33305004495a9","hash":"0dc9981d95935e32226e2260cca3860417c3d324"}
}
