TN:
SF:utils\timeEstimation.js
FN:9,(anonymous_0)
FN:37,(anonymous_1)
FN:37,(anonymous_2)
FN:47,(anonymous_3)
FN:47,(anonymous_4)
FN:56,(anonymous_5)
FNF:6
FNH:6
FNDA:26,(anonymous_0)
FNDA:28,(anonymous_1)
FNDA:22,(anonymous_2)
FNDA:14,(anonymous_3)
FNDA:10,(anonymous_4)
FNDA:8,(anonymous_5)
DA:9,1
DA:11,26
DA:15,1
DA:17,25
DA:18,3
DA:21,22
DA:22,6
DA:25,16
DA:26,58
DA:27,5
DA:31,11
DA:32,33
DA:33,5
DA:37,28
DA:38,1
DA:41,5
DA:42,15
DA:43,1
DA:47,14
DA:48,4
DA:56,1
DA:57,8
DA:58,4
DA:60,4
DA:61,4
DA:62,4
DA:63,4
DA:64,4
DA:65,4
DA:66,4
DA:72,1
LF:31
LH:31
BRDA:11,0,0,1
BRDA:11,0,1,25
BRDA:11,1,0,26
BRDA:11,1,1,25
BRDA:11,1,2,25
BRDA:11,1,3,25
BRDA:11,1,4,25
BRDA:11,1,5,25
BRDA:11,1,6,25
BRDA:11,1,7,25
BRDA:17,2,0,3
BRDA:17,2,1,22
BRDA:17,3,0,25
BRDA:17,3,1,25
BRDA:17,3,2,25
BRDA:21,4,0,6
BRDA:21,4,1,16
BRDA:21,5,0,22
BRDA:21,5,1,20
BRDA:21,5,2,18
BRDA:21,5,3,17
BRDA:26,6,0,5
BRDA:26,6,1,53
BRDA:26,7,0,58
BRDA:26,7,1,54
BRDA:32,8,0,5
BRDA:32,8,1,28
BRDA:32,9,0,33
BRDA:32,9,1,30
BRDA:32,9,2,12
BRDA:37,10,0,1
BRDA:37,10,1,5
BRDA:42,11,0,1
BRDA:42,11,1,14
BRDA:42,12,0,15
BRDA:42,12,1,4
BRDA:47,13,0,11
BRDA:47,13,1,3
BRDA:57,14,0,4
BRDA:57,14,1,4
BRDA:57,15,0,8
BRDA:57,15,1,7
BRDA:57,15,2,7
BRDA:57,15,3,6
BRDA:62,16,0,1
BRDA:62,16,1,3
BRDA:64,17,0,2
BRDA:64,17,1,2
BRDA:65,18,0,1
BRDA:65,18,1,3
BRF:50
BRH:50
end_of_record
