TN:
SF:routes\Tickets.js
FN:10,(anonymous_0)
FN:32,(anonymous_1)
FN:32,(anonymous_2)
FN:42,(anonymous_3)
FN:42,(anonymous_4)
FN:51,(anonymous_5)
FNF:6
FNH:5
FNDA:25,(anonymous_0)
FNDA:28,(anonymous_1)
FNDA:22,(anonymous_2)
FNDA:14,(anonymous_3)
FNDA:10,(anonymous_4)
FNDA:0,(anonymous_5)
DA:10,1
DA:12,25
DA:13,3
DA:16,22
DA:17,6
DA:20,16
DA:21,58
DA:22,5
DA:26,11
DA:27,33
DA:28,5
DA:32,28
DA:33,1
DA:36,5
DA:37,15
DA:38,1
DA:42,14
DA:43,4
DA:51,1
DA:52,0
DA:53,0
DA:55,0
DA:56,0
DA:57,0
DA:58,0
DA:59,0
DA:60,0
DA:61,0
DA:64,1
LF:29
LH:20
BRDA:12,0,0,3
BRDA:12,0,1,22
BRDA:12,1,0,25
BRDA:12,1,1,25
BRDA:12,1,2,25
BRDA:16,2,0,6
BRDA:16,2,1,16
BRDA:16,3,0,22
BRDA:16,3,1,20
BRDA:16,3,2,18
BRDA:16,3,3,17
BRDA:21,4,0,5
BRDA:21,4,1,53
BRDA:21,5,0,58
BRDA:21,5,1,54
BRDA:27,6,0,5
BRDA:27,6,1,28
BRDA:27,7,0,33
BRDA:27,7,1,30
BRDA:27,7,2,12
BRDA:32,8,0,1
BRDA:32,8,1,5
BRDA:37,9,0,1
BRDA:37,9,1,14
BRDA:37,10,0,15
BRDA:37,10,1,4
BRDA:42,11,0,11
BRDA:42,11,1,3
BRDA:52,12,0,0
BRDA:52,12,1,0
BRDA:52,13,0,0
BRDA:52,13,1,0
BRDA:57,14,0,0
BRDA:57,14,1,0
BRDA:59,15,0,0
BRDA:59,15,1,0
BRDA:60,16,0,0
BRDA:60,16,1,0
BRF:38
BRH:28
end_of_record
